<?xml version="1.0" encoding="UTF-8"?>
<testsuite xmlns:xsi="http://www.w3.org/2001/XMLSchema-instance" xsi:noNamespaceSchemaLocation="https://maven.apache.org/surefire/maven-surefire-plugin/xsd/surefire-test-report-3.0.xsd" version="3.0" name="dev.movieproject.movies.MoviesApplicationTests" time="3.201" tests="1" errors="0" skipped="0" failures="0">
  <properties>
[...]
</properties>
  <testcase name="contextLoads" classname="dev.movieproject.movies.MoviesApplicationTests" time="0.574">
    <system-out><![CDATA[19:44:48.841 [main] INFO org.springframework.test.context.support.AnnotationConfigContextLoaderUtils -- Could not detect default configuration classes for test class [dev.movieproject.movies.MoviesApplicationTests]: MoviesApplicationTests does not declare any static, non-private, non-final, nested classes annotated with @Configuration.
19:44:48.941 [main] INFO org.springframework.boot.test.context.SpringBootTestContextBootstrapper -- Found @SpringBootConfiguration dev.movieproject.movies.MoviesApplication for test class dev.movieproject.movies.MoviesApplicationTests

  .   ____          _            __ _ _
 /\\ / ___'_ __ _ _(_)_ __  __ _ \ \ \ \
( ( )\___ | '_ | '_| | '_ \/ _` | \ \ \ \
 \\/  ___)| |_)| | | | | || (_| |  ) ) ) )
  '  |____| .__|_| |_|_| |_\__, | / / / /
 =========|_|==============|___/=/_/_/_/
 :: Spring Boot ::                (v3.1.1)

2023-07-05T19:44:49.239-04:00  INFO 270602 --- [           main] m.p.springdotenv.DotenvPropertySource    : Initializing Dotenv with DotenvConfig{directory=null, filename=null, ignoreIfMalformed=false, ignoreIfMissing=true, systemProperties=false, prefix=null}
2023-07-05T19:44:49.261-04:00  INFO 270602 --- [           main] d.m.movies.MoviesApplicationTests        : Starting MoviesApplicationTests using Java 17.0.6 with PID 270602 (started by will in /home/will/Development/react-java-movies/movies)
2023-07-05T19:44:49.262-04:00  INFO 270602 --- [           main] d.m.movies.MoviesApplicationTests        : No active profile set, falling back to 1 default profile: "default"
2023-07-05T19:44:49.732-04:00  INFO 270602 --- [           main] .s.d.r.c.RepositoryConfigurationDelegate : Bootstrapping Spring Data MongoDB repositories in DEFAULT mode.
2023-07-05T19:44:49.782-04:00  INFO 270602 --- [           main] .s.d.r.c.RepositoryConfigurationDelegate : Finished Spring Data repository scanning in 47 ms. Found 4 MongoDB repository interfaces.
2023-07-05T19:44:50.237-04:00  INFO 270602 --- [           main] org.mongodb.driver.client                : MongoClient with metadata {"driver": {"name": "mongo-java-driver|sync|spring-boot", "version": "4.9.1"}, "os": {"type": "Linux", "name": "Linux", "architecture": "amd64", "version": "6.1.0-kali9-amd64"}, "platform": "Java/Debian/17.0.6+10-Debian-1"} created with settings MongoClientSettings{readPreference=primary, writeConcern=WriteConcern{w=null, wTimeout=null ms, journal=null}, retryWrites=true, retryReads=true, readConcern=ReadConcern{level=null}, credential=MongoCredential{mechanism=null, userName='user', source='admin', password=<hidden>, mechanismProperties=<hidden>}, streamFactoryFactory=null, commandListeners=[], codecRegistry=ProvidersCodecRegistry{codecProviders=[ValueCodecProvider{}, BsonValueCodecProvider{}, DBRefCodecProvider{}, DBObjectCodecProvider{}, DocumentCodecProvider{}, CollectionCodecProvider{}, IterableCodecProvider{}, MapCodecProvider{}, GeoJsonCodecProvider{}, GridFSFileCodecProvider{}, Jsr310CodecProvider{}, JsonObjectCodecProvider{}, BsonCodecProvider{}, EnumCodecProvider{}, com.mongodb.client.model.mql.ExpressionCodecProvider@4214ae8f, com.mongodb.Jep395RecordCodecProvider@7ba93755]}, loggerSettings=LoggerSettings{maxDocumentLength=1000}, clusterSettings={hosts=[127.0.0.1:27017], srvHost=cluster0.8xwfx.mongodb.net, srvServiceName=mongodb, mode=MULTIPLE, requiredClusterType=REPLICA_SET, requiredReplicaSetName='atlas-brszeg-shard-0', serverSelector='null', clusterListeners='[]', serverSelectionTimeout='30000 ms', localThreshold='30000 ms'}, socketSettings=SocketSettings{connectTimeoutMS=10000, readTimeoutMS=0, receiveBufferSize=0, sendBufferSize=0}, heartbeatSocketSettings=SocketSettings{connectTimeoutMS=10000, readTimeoutMS=10000, receiveBufferSize=0, sendBufferSize=0}, connectionPoolSettings=ConnectionPoolSettings{maxSize=100, minSize=0, maxWaitTimeMS=120000, maxConnectionLifeTimeMS=0, maxConnectionIdleTimeMS=0, maintenanceInitialDelayMS=0, maintenanceFrequencyMS=60000, connectionPoolListeners=[], maxConnecting=2}, serverSettings=ServerSettings{heartbeatFrequencyMS=10000, minHeartbeatFrequencyMS=500, serverListeners='[]', serverMonitorListeners='[]'}, sslSettings=SslSettings{enabled=true, invalidHostNameAllowed=false, context=null}, applicationName='null', compressorList=[], uuidRepresentation=JAVA_LEGACY, serverApi=null, autoEncryptionSettings=null, contextProvider=null}
2023-07-05T19:44:50.268-04:00  INFO 270602 --- [wfx.mongodb.net] org.mongodb.driver.cluster               : Adding discovered server cluster0-shard-00-00.8xwfx.mongodb.net:27017 to client view of cluster
2023-07-05T19:44:50.291-04:00  INFO 270602 --- [wfx.mongodb.net] org.mongodb.driver.cluster               : Adding discovered server cluster0-shard-00-01.8xwfx.mongodb.net:27017 to client view of cluster
2023-07-05T19:44:50.292-04:00  INFO 270602 --- [wfx.mongodb.net] org.mongodb.driver.cluster               : Adding discovered server cluster0-shard-00-02.8xwfx.mongodb.net:27017 to client view of cluster
2023-07-05T19:44:50.988-04:00  INFO 270602 --- [           main] o.s.s.web.DefaultSecurityFilterChain     : Will secure any request with [org.springframework.security.web.session.DisableEncodeUrlFilter@74b1838, org.springframework.security.web.context.request.async.WebAsyncManagerIntegrationFilter@52d96367, org.springframework.security.web.context.SecurityContextHolderFilter@63de4fa, org.springframework.security.web.header.HeaderWriterFilter@26ca12a2, org.springframework.security.web.authentication.logout.LogoutFilter@6b3d9c38, dev.movieproject.movies.JWT.security.jwt.AuthTokenFilter@5be51aa, org.springframework.security.web.savedrequest.RequestCacheAwareFilter@18907af2, org.springframework.security.web.servletapi.SecurityContextHolderAwareRequestFilter@658e7ead, org.springframework.security.web.authentication.AnonymousAuthenticationFilter@3302035b, org.springframework.security.web.session.SessionManagementFilter@35e2b89f, org.springframework.security.web.access.ExceptionTranslationFilter@516195cf, org.springframework.security.web.access.intercept.AuthorizationFilter@4aa3fc9a]
2023-07-05T19:44:51.328-04:00  INFO 270602 --- [           main] d.m.movies.MoviesApplicationTests        : Started MoviesApplicationTests in 2.291 seconds (process running for 3.052)
2023-07-05T19:44:51.380-04:00  INFO 270602 --- [ngodb.net:27017] org.mongodb.driver.cluster               : Monitor thread successfully connected to server with description ServerDescription{address=cluster0-shard-00-00.8xwfx.mongodb.net:27017, type=REPLICA_SET_SECONDARY, state=CONNECTED, ok=true, minWireVersion=0, maxWireVersion=17, maxDocumentSize=16777216, logicalSessionTimeoutMinutes=30, roundTripTimeNanos=644218129, setName='atlas-brszeg-shard-0', canonicalAddress=cluster0-shard-00-00.8xwfx.mongodb.net:27017, hosts=[cluster0-shard-00-01.8xwfx.mongodb.net:27017, cluster0-shard-00-00.8xwfx.mongodb.net:27017, cluster0-shard-00-02.8xwfx.mongodb.net:27017], passives=[], arbiters=[], primary='cluster0-shard-00-01.8xwfx.mongodb.net:27017', tagSet=TagSet{[Tag{name='nodeType', value='ELECTABLE'}, Tag{name='provider', value='AWS'}, Tag{name='region', value='US_WEST_2'}, Tag{name='workloadType', value='OPERATIONAL'}]}, electionId=null, setVersion=7, topologyVersion=TopologyVersion{processId=648b61ec50c28e232cc23619, counter=4}, lastWriteDate=Wed Jul 05 19:44:51 EDT 2023, lastUpdateTimeNanos=31383502834858}
2023-07-05T19:44:51.380-04:00  INFO 270602 --- [ngodb.net:27017] org.mongodb.driver.cluster               : Monitor thread successfully connected to server with description ServerDescription{address=cluster0-shard-00-01.8xwfx.mongodb.net:27017, type=REPLICA_SET_PRIMARY, state=CONNECTED, ok=true, minWireVersion=0, maxWireVersion=17, maxDocumentSize=16777216, logicalSessionTimeoutMinutes=30, roundTripTimeNanos=649494052, setName='atlas-brszeg-shard-0', canonicalAddress=cluster0-shard-00-01.8xwfx.mongodb.net:27017, hosts=[cluster0-shard-00-01.8xwfx.mongodb.net:27017, cluster0-shard-00-00.8xwfx.mongodb.net:27017, cluster0-shard-00-02.8xwfx.mongodb.net:27017], passives=[], arbiters=[], primary='cluster0-shard-00-01.8xwfx.mongodb.net:27017', tagSet=TagSet{[Tag{name='nodeType', value='ELECTABLE'}, Tag{name='provider', value='AWS'}, Tag{name='region', value='US_WEST_2'}, Tag{name='workloadType', value='OPERATIONAL'}]}, electionId=7fffffff000000000000006d, setVersion=7, topologyVersion=TopologyVersion{processId=648b638ac4361be9256ac6e7, counter=6}, lastWriteDate=Wed Jul 05 19:44:51 EDT 2023, lastUpdateTimeNanos=31383500916846}
2023-07-05T19:44:51.380-04:00  INFO 270602 --- [ngodb.net:27017] org.mongodb.driver.cluster               : Monitor thread successfully connected to server with description ServerDescription{address=cluster0-shard-00-02.8xwfx.mongodb.net:27017, type=REPLICA_SET_SECONDARY, state=CONNECTED, ok=true, minWireVersion=0, maxWireVersion=17, maxDocumentSize=16777216, logicalSessionTimeoutMinutes=30, roundTripTimeNanos=643573789, setName='atlas-brszeg-shard-0', canonicalAddress=cluster0-shard-00-02.8xwfx.mongodb.net:27017, hosts=[cluster0-shard-00-01.8xwfx.mongodb.net:27017, cluster0-shard-00-00.8xwfx.mongodb.net:27017, cluster0-shard-00-02.8xwfx.mongodb.net:27017], passives=[], arbiters=[], primary='cluster0-shard-00-01.8xwfx.mongodb.net:27017', tagSet=TagSet{[Tag{name='nodeType', value='ELECTABLE'}, Tag{name='provider', value='AWS'}, Tag{name='region', value='US_WEST_2'}, Tag{name='workloadType', value='OPERATIONAL'}]}, electionId=null, setVersion=7, topologyVersion=TopologyVersion{processId=648b64faaa482eff6bfd19f1, counter=3}, lastWriteDate=Wed Jul 05 19:44:51 EDT 2023, lastUpdateTimeNanos=31383502136305}
2023-07-05T19:44:51.383-04:00  INFO 270602 --- [ngodb.net:27017] org.mongodb.driver.cluster               : Discovered replica set primary cluster0-shard-00-01.8xwfx.mongodb.net:27017 with max election id 7fffffff000000000000006d and max set version 7
]]></system-out>
  </testcase>
</testsuite>