<?xml version="1.0" encoding="UTF-8"?>
<testsuite xmlns:xsi="http://www.w3.org/2001/XMLSchema-instance" xsi:noNamespaceSchemaLocation="https://maven.apache.org/surefire/maven-surefire-plugin/xsd/surefire-test-report-3.0.xsd" version="3.0" name="dev.movieproject.movies.MoviesApplicationTests" time="3.624" tests="1" errors="0" skipped="0" failures="0">
  <properties>
[...]
</properties>
  <testcase name="contextLoads" classname="dev.movieproject.movies.MoviesApplicationTests" time="1.11">
    <system-out><![CDATA[19:55:44.882 [main] INFO org.springframework.test.context.support.AnnotationConfigContextLoaderUtils -- Could not detect default configuration classes for test class [dev.movieproject.movies.MoviesApplicationTests]: MoviesApplicationTests does not declare any static, non-private, non-final, nested classes annotated with @Configuration.
19:55:44.982 [main] INFO org.springframework.boot.test.context.SpringBootTestContextBootstrapper -- Found @SpringBootConfiguration dev.movieproject.movies.MoviesApplication for test class dev.movieproject.movies.MoviesApplicationTests

  .   ____          _            __ _ _
 /\\ / ___'_ __ _ _(_)_ __  __ _ \ \ \ \
( ( )\___ | '_ | '_| | '_ \/ _` | \ \ \ \
 \\/  ___)| |_)| | | | | || (_| |  ) ) ) )
  '  |____| .__|_| |_|_| |_\__, | / / / /
 =========|_|==============|___/=/_/_/_/
 :: Spring Boot ::                (v3.1.1)

2023-07-05T19:55:45.293-04:00  INFO 277167 --- [           main] m.p.springdotenv.DotenvPropertySource    : Initializing Dotenv with DotenvConfig{directory=null, filename=null, ignoreIfMalformed=false, ignoreIfMissing=true, systemProperties=false, prefix=null}
2023-07-05T19:55:45.322-04:00  INFO 277167 --- [           main] d.m.movies.MoviesApplicationTests        : Starting MoviesApplicationTests using Java 17.0.6 with PID 277167 (started by will in /home/will/Development/react-java-movies/movies)
2023-07-05T19:55:45.323-04:00  INFO 277167 --- [           main] d.m.movies.MoviesApplicationTests        : No active profile set, falling back to 1 default profile: "default"
2023-07-05T19:55:45.781-04:00  INFO 277167 --- [           main] .s.d.r.c.RepositoryConfigurationDelegate : Bootstrapping Spring Data MongoDB repositories in DEFAULT mode.
2023-07-05T19:55:45.833-04:00  INFO 277167 --- [           main] .s.d.r.c.RepositoryConfigurationDelegate : Finished Spring Data repository scanning in 49 ms. Found 4 MongoDB repository interfaces.
2023-07-05T19:55:46.277-04:00  INFO 277167 --- [           main] org.mongodb.driver.client                : MongoClient with metadata {"driver": {"name": "mongo-java-driver|sync|spring-boot", "version": "4.9.1"}, "os": {"type": "Linux", "name": "Linux", "architecture": "amd64", "version": "6.1.0-kali9-amd64"}, "platform": "Java/Debian/17.0.6+10-Debian-1"} created with settings MongoClientSettings{readPreference=primary, writeConcern=WriteConcern{w=null, wTimeout=null ms, journal=null}, retryWrites=true, retryReads=true, readConcern=ReadConcern{level=null}, credential=MongoCredential{mechanism=null, userName='user', source='admin', password=<hidden>, mechanismProperties=<hidden>}, streamFactoryFactory=null, commandListeners=[], codecRegistry=ProvidersCodecRegistry{codecProviders=[ValueCodecProvider{}, BsonValueCodecProvider{}, DBRefCodecProvider{}, DBObjectCodecProvider{}, DocumentCodecProvider{}, CollectionCodecProvider{}, IterableCodecProvider{}, MapCodecProvider{}, GeoJsonCodecProvider{}, GridFSFileCodecProvider{}, Jsr310CodecProvider{}, JsonObjectCodecProvider{}, BsonCodecProvider{}, EnumCodecProvider{}, com.mongodb.client.model.mql.ExpressionCodecProvider@318c68d5, com.mongodb.Jep395RecordCodecProvider@4cfa83f9]}, loggerSettings=LoggerSettings{maxDocumentLength=1000}, clusterSettings={hosts=[127.0.0.1:27017], srvHost=cluster0.8xwfx.mongodb.net, srvServiceName=mongodb, mode=MULTIPLE, requiredClusterType=REPLICA_SET, requiredReplicaSetName='atlas-brszeg-shard-0', serverSelector='null', clusterListeners='[]', serverSelectionTimeout='30000 ms', localThreshold='30000 ms'}, socketSettings=SocketSettings{connectTimeoutMS=10000, readTimeoutMS=0, receiveBufferSize=0, sendBufferSize=0}, heartbeatSocketSettings=SocketSettings{connectTimeoutMS=10000, readTimeoutMS=10000, receiveBufferSize=0, sendBufferSize=0}, connectionPoolSettings=ConnectionPoolSettings{maxSize=100, minSize=0, maxWaitTimeMS=120000, maxConnectionLifeTimeMS=0, maxConnectionIdleTimeMS=0, maintenanceInitialDelayMS=0, maintenanceFrequencyMS=60000, connectionPoolListeners=[], maxConnecting=2}, serverSettings=ServerSettings{heartbeatFrequencyMS=10000, minHeartbeatFrequencyMS=500, serverListeners='[]', serverMonitorListeners='[]'}, sslSettings=SslSettings{enabled=true, invalidHostNameAllowed=false, context=null}, applicationName='null', compressorList=[], uuidRepresentation=JAVA_LEGACY, serverApi=null, autoEncryptionSettings=null, contextProvider=null}
2023-07-05T19:55:46.288-04:00  INFO 277167 --- [wfx.mongodb.net] org.mongodb.driver.cluster               : Adding discovered server cluster0-shard-00-00.8xwfx.mongodb.net:27017 to client view of cluster
2023-07-05T19:55:46.309-04:00  INFO 277167 --- [wfx.mongodb.net] org.mongodb.driver.cluster               : Adding discovered server cluster0-shard-00-01.8xwfx.mongodb.net:27017 to client view of cluster
2023-07-05T19:55:46.310-04:00  INFO 277167 --- [wfx.mongodb.net] org.mongodb.driver.cluster               : Adding discovered server cluster0-shard-00-02.8xwfx.mongodb.net:27017 to client view of cluster
2023-07-05T19:55:46.983-04:00  INFO 277167 --- [           main] o.s.s.web.DefaultSecurityFilterChain     : Will secure any request with [org.springframework.security.web.session.DisableEncodeUrlFilter@f95d64d, org.springframework.security.web.context.request.async.WebAsyncManagerIntegrationFilter@288728e, org.springframework.security.web.context.SecurityContextHolderFilter@795f6681, org.springframework.security.web.header.HeaderWriterFilter@6060146b, org.springframework.security.web.authentication.logout.LogoutFilter@4aa22cc2, dev.movieproject.movies.JWT.security.jwt.AuthTokenFilter@b7d2d51, org.springframework.security.web.savedrequest.RequestCacheAwareFilter@3a45afd4, org.springframework.security.web.servletapi.SecurityContextHolderAwareRequestFilter@762a10b6, org.springframework.security.web.authentication.AnonymousAuthenticationFilter@641ed324, org.springframework.security.web.session.SessionManagementFilter@1b409a79, org.springframework.security.web.access.ExceptionTranslationFilter@7bede4ea, org.springframework.security.web.access.intercept.AuthorizationFilter@69bc9584]
2023-07-05T19:55:47.264-04:00  INFO 277167 --- [           main] d.m.movies.MoviesApplicationTests        : Started MoviesApplicationTests in 2.18 seconds (process running for 2.944)
2023-07-05T19:55:47.351-04:00  INFO 277167 --- [ngodb.net:27017] org.mongodb.driver.cluster               : Monitor thread successfully connected to server with description ServerDescription{address=cluster0-shard-00-02.8xwfx.mongodb.net:27017, type=REPLICA_SET_SECONDARY, state=CONNECTED, ok=true, minWireVersion=0, maxWireVersion=17, maxDocumentSize=16777216, logicalSessionTimeoutMinutes=30, roundTripTimeNanos=614775409, setName='atlas-brszeg-shard-0', canonicalAddress=cluster0-shard-00-02.8xwfx.mongodb.net:27017, hosts=[cluster0-shard-00-01.8xwfx.mongodb.net:27017, cluster0-shard-00-00.8xwfx.mongodb.net:27017, cluster0-shard-00-02.8xwfx.mongodb.net:27017], passives=[], arbiters=[], primary='cluster0-shard-00-01.8xwfx.mongodb.net:27017', tagSet=TagSet{[Tag{name='nodeType', value='ELECTABLE'}, Tag{name='provider', value='AWS'}, Tag{name='region', value='US_WEST_2'}, Tag{name='workloadType', value='OPERATIONAL'}]}, electionId=null, setVersion=7, topologyVersion=TopologyVersion{processId=648b64faaa482eff6bfd19f1, counter=3}, lastWriteDate=Wed Jul 05 19:55:47 EDT 2023, lastUpdateTimeNanos=32039472130745}
2023-07-05T19:55:47.351-04:00  INFO 277167 --- [ngodb.net:27017] org.mongodb.driver.cluster               : Monitor thread successfully connected to server with description ServerDescription{address=cluster0-shard-00-01.8xwfx.mongodb.net:27017, type=REPLICA_SET_PRIMARY, state=CONNECTED, ok=true, minWireVersion=0, maxWireVersion=17, maxDocumentSize=16777216, logicalSessionTimeoutMinutes=30, roundTripTimeNanos=610667409, setName='atlas-brszeg-shard-0', canonicalAddress=cluster0-shard-00-01.8xwfx.mongodb.net:27017, hosts=[cluster0-shard-00-01.8xwfx.mongodb.net:27017, cluster0-shard-00-00.8xwfx.mongodb.net:27017, cluster0-shard-00-02.8xwfx.mongodb.net:27017], passives=[], arbiters=[], primary='cluster0-shard-00-01.8xwfx.mongodb.net:27017', tagSet=TagSet{[Tag{name='nodeType', value='ELECTABLE'}, Tag{name='provider', value='AWS'}, Tag{name='region', value='US_WEST_2'}, Tag{name='workloadType', value='OPERATIONAL'}]}, electionId=7fffffff000000000000006d, setVersion=7, topologyVersion=TopologyVersion{processId=648b638ac4361be9256ac6e7, counter=6}, lastWriteDate=Wed Jul 05 19:55:47 EDT 2023, lastUpdateTimeNanos=32039472191987}
2023-07-05T19:55:47.354-04:00  INFO 277167 --- [ngodb.net:27017] org.mongodb.driver.cluster               : Discovered replica set primary cluster0-shard-00-01.8xwfx.mongodb.net:27017 with max election id 7fffffff000000000000006d and max set version 7
2023-07-05T19:55:48.195-04:00  INFO 277167 --- [ngodb.net:27017] org.mongodb.driver.cluster               : Monitor thread successfully connected to server with description ServerDescription{address=cluster0-shard-00-00.8xwfx.mongodb.net:27017, type=REPLICA_SET_SECONDARY, state=CONNECTED, ok=true, minWireVersion=0, maxWireVersion=17, maxDocumentSize=16777216, logicalSessionTimeoutMinutes=30, roundTripTimeNanos=1464875742, setName='atlas-brszeg-shard-0', canonicalAddress=cluster0-shard-00-00.8xwfx.mongodb.net:27017, hosts=[cluster0-shard-00-01.8xwfx.mongodb.net:27017, cluster0-shard-00-00.8xwfx.mongodb.net:27017, cluster0-shard-00-02.8xwfx.mongodb.net:27017], passives=[], arbiters=[], primary='cluster0-shard-00-01.8xwfx.mongodb.net:27017', tagSet=TagSet{[Tag{name='nodeType', value='ELECTABLE'}, Tag{name='provider', value='AWS'}, Tag{name='region', value='US_WEST_2'}, Tag{name='workloadType', value='OPERATIONAL'}]}, electionId=null, setVersion=7, topologyVersion=TopologyVersion{processId=648b61ec50c28e232cc23619, counter=4}, lastWriteDate=Wed Jul 05 19:55:47 EDT 2023, lastUpdateTimeNanos=32040322227244}
]]></system-out>
  </testcase>
</testsuite>